<?xml version="1.0" encoding="UTF-8"?>
<coverage generated="1558106248398" clover="3.2.0">
  <project timestamp="1558106248398" name="All files">
    <metrics statements="21" coveredstatements="10" conditionals="4" coveredconditionals="0" methods="5" coveredmethods="2" elements="30" coveredelements="12" complexity="0" loc="21" ncloc="21" packages="2" files="2" classes="2">
      <package name="Sprint-Challenge--Testing">
        <metrics statements="2" coveredstatements="0" conditionals="0" coveredconditionals="0" methods="0" coveredmethods="0"/>
        <file name="jest.config.js" path="C:\Users\ijdir\OneDrive\Documents\lambdaschool\Sprint-Challenge--Testing\jest.config.js">
          <metrics statements="2" coveredstatements="0" conditionals="0" coveredconditionals="0" methods="0" coveredmethods="0"/>
          <line num="3" count="0" type="stmt"/>
          <line num="4" count="0" type="stmt"/>
        </file>
      </package>
      <package name="Sprint-Challenge--Testing.api">
        <metrics statements="19" coveredstatements="10" conditionals="4" coveredconditionals="0" methods="5" coveredmethods="2"/>
        <file name="server.js" path="C:\Users\ijdir\OneDrive\Documents\lambdaschool\Sprint-Challenge--Testing\api\server.js">
          <metrics statements="19" coveredstatements="10" conditionals="4" coveredconditionals="0" methods="5" coveredmethods="2"/>
          <line num="1" count="1" type="stmt"/>
          <line num="3" count="1" type="stmt"/>
          <line num="5" count="1" type="stmt"/>
          <line num="7" count="1" type="stmt"/>
          <line num="9" count="1" type="stmt"/>
          <line num="10" count="1" type="stmt"/>
          <line num="13" count="1" type="stmt"/>
          <line num="14" count="1" type="stmt"/>
          <line num="16" count="0" type="stmt"/>
          <line num="19" count="0" type="stmt"/>
          <line num="23" count="1" type="stmt"/>
          <line num="24" count="0" type="stmt"/>
          <line num="25" count="0" type="cond" truecount="0" falsecount="4"/>
          <line num="26" count="0" type="stmt"/>
          <line num="27" count="0" type="stmt"/>
          <line num="28" count="0" type="stmt"/>
          <line num="30" count="0" type="stmt"/>
          <line num="33" count="0" type="stmt"/>
          <line num="37" count="1" type="stmt"/>
        </file>
      </package>
    </metrics>
  </project>
</coverage>
