{"C:\\Users\\ijdir\\OneDrive\\Documents\\lambdaschool\\Sprint-Challenge--Testing\\index.js": {"path":"C:\\Users\\ijdir\\OneDrive\\Documents\\lambdaschool\\Sprint-Challenge--Testing\\index.js","statementMap":{"0":{"start":{"line":1,"column":0},"end":{"line":null,"column":-1}},"1":{"start":{"line":3,"column":15},"end":{"line":3,"column":0}},"2":{"start":{"line":5,"column":13},"end":{"line":5,"column":0}},"3":{"start":{"line":7,"column":0},"end":{"line":null,"column":-1}},"4":{"start":{"line":7,"column":26},"end":{"line":7,"column":0}}},"fnMap":{"0":{"name":"(anonymous_0)","decl":{"start":{"line":7,"column":20},"end":{"line":7,"column":25}},"loc":{"start":{"line":7,"column":26},"end":{"line":7,"column":0}}}},"branchMap":{"0":{"loc":{"start":{"line":5,"column":13},"end":{"line":5,"column":12}},"type":"binary-expr","locations":[{"start":{"line":5,"column":13},"end":{"line":5,"column":12}},{"start":{"line":5,"column":33},"end":{"line":5,"column":0}}]}},"s":{"0":0,"1":0,"2":0,"3":0,"4":0},"f":{"0":0},"b":{"0":[0,0]}}
,"C:\\Users\\ijdir\\OneDrive\\Documents\\lambdaschool\\Sprint-Challenge--Testing\\jest.config.js": {"path":"C:\\Users\\ijdir\\OneDrive\\Documents\\lambdaschool\\Sprint-Challenge--Testing\\jest.config.js","statementMap":{"0":{"start":{"line":3,"column":24},"end":{"line":3,"column":0}},"1":{"start":{"line":4,"column":0},"end":{"line":null,"column":-1}}},"fnMap":{},"branchMap":{},"s":{"0":0,"1":0},"f":{},"b":{}}
,"C:\\Users\\ijdir\\OneDrive\\Documents\\lambdaschool\\Sprint-Challenge--Testing\\knexfile.js": {"path":"C:\\Users\\ijdir\\OneDrive\\Documents\\lambdaschool\\Sprint-Challenge--Testing\\knexfile.js","statementMap":{"0":{"start":{"line":3,"column":0},"end":{"line":31,"column":2}}},"fnMap":{},"branchMap":{},"s":{"0":1},"f":{},"b":{},"_coverageSchema":"332fd63041d2c1bcb487cc26dd0d5f7d97098a6c","hash":"52aa5bc54653704f364b6d9f5844661ed92c7c76"}
,"C:\\Users\\ijdir\\OneDrive\\Documents\\lambdaschool\\Sprint-Challenge--Testing\\api\\server.js": {"path":"C:\\Users\\ijdir\\OneDrive\\Documents\\lambdaschool\\Sprint-Challenge--Testing\\api\\server.js","statementMap":{"0":{"start":{"line":1,"column":16},"end":{"line":1,"column":34}},"1":{"start":{"line":3,"column":14},"end":{"line":3,"column":44}},"2":{"start":{"line":5,"column":15},"end":{"line":5,"column":24}},"3":{"start":{"line":7,"column":0},"end":{"line":7,"column":27}},"4":{"start":{"line":9,"column":0},"end":{"line":11,"column":3}},"5":{"start":{"line":10,"column":2},"end":{"line":10,"column":38}},"6":{"start":{"line":13,"column":0},"end":{"line":17,"column":3}},"7":{"start":{"line":14,"column":15},"end":{"line":14,"column":35}},"8":{"start":{"line":16,"column":2},"end":{"line":16,"column":29}},"9":{"start":{"line":19,"column":0},"end":{"line":31,"column":2}},"10":{"start":{"line":20,"column":15},"end":{"line":20,"column":23}},"11":{"start":{"line":21,"column":2},"end":{"line":30,"column":3}},"12":{"start":{"line":22,"column":4},"end":{"line":27,"column":5}},"13":{"start":{"line":23,"column":23},"end":{"line":23,"column":47}},"14":{"start":{"line":24,"column":6},"end":{"line":24,"column":36}},"15":{"start":{"line":26,"column":6},"end":{"line":26,"column":53}},"16":{"start":{"line":29,"column":4},"end":{"line":29,"column":67}},"17":{"start":{"line":33,"column":0},"end":{"line":33,"column":24}}},"fnMap":{"0":{"name":"(anonymous_0)","decl":{"start":{"line":9,"column":16},"end":{"line":9,"column":17}},"loc":{"start":{"line":9,"column":36},"end":{"line":11,"column":1}},"line":9},"1":{"name":"(anonymous_1)","decl":{"start":{"line":13,"column":21},"end":{"line":13,"column":22}},"loc":{"start":{"line":13,"column":41},"end":{"line":17,"column":1}},"line":13},"2":{"name":"(anonymous_2)","decl":{"start":{"line":19,"column":22},"end":{"line":19,"column":23}},"loc":{"start":{"line":19,"column":41},"end":{"line":31,"column":1}},"line":19}},"branchMap":{"0":{"loc":{"start":{"line":21,"column":2},"end":{"line":30,"column":3}},"type":"if","locations":[{"start":{"line":21,"column":2},"end":{"line":30,"column":3}},{"start":{"line":21,"column":2},"end":{"line":30,"column":3}}],"line":21},"1":{"loc":{"start":{"line":21,"column":5},"end":{"line":21,"column":29}},"type":"binary-expr","locations":[{"start":{"line":21,"column":5},"end":{"line":21,"column":15}},{"start":{"line":21,"column":19},"end":{"line":21,"column":29}}],"line":21}},"s":{"0":1,"1":1,"2":1,"3":1,"4":1,"5":1,"6":1,"7":0,"8":0,"9":1,"10":0,"11":0,"12":0,"13":0,"14":0,"15":0,"16":0,"17":1},"f":{"0":1,"1":0,"2":0},"b":{"0":[0,0],"1":[0,0]},"_coverageSchema":"332fd63041d2c1bcb487cc26dd0d5f7d97098a6c","hash":"77e2c000a5572c3a19e59bdf870fbbca262cf103"}
,"C:\\Users\\ijdir\\OneDrive\\Documents\\lambdaschool\\Sprint-Challenge--Testing\\data\\dbConfig.js": {"path":"C:\\Users\\ijdir\\OneDrive\\Documents\\lambdaschool\\Sprint-Challenge--Testing\\data\\dbConfig.js","statementMap":{"0":{"start":{"line":1,"column":13},"end":{"line":1,"column":28}},"1":{"start":{"line":2,"column":15},"end":{"line":2,"column":37}},"2":{"start":{"line":4,"column":14},"end":{"line":4,"column":49}},"3":{"start":{"line":6,"column":0},"end":{"line":6,"column":37}}},"fnMap":{},"branchMap":{"0":{"loc":{"start":{"line":4,"column":14},"end":{"line":4,"column":49}},"type":"binary-expr","locations":[{"start":{"line":4,"column":14},"end":{"line":4,"column":32}},{"start":{"line":4,"column":36},"end":{"line":4,"column":49}}],"line":4}},"s":{"0":1,"1":1,"2":1,"3":1},"f":{},"b":{"0":[1,0]},"_coverageSchema":"332fd63041d2c1bcb487cc26dd0d5f7d97098a6c","hash":"853ecaa4976148e03bd4a0784e0890bb158e458d"}
,"C:\\Users\\ijdir\\OneDrive\\Documents\\lambdaschool\\Sprint-Challenge--Testing\\data\\migrations\\20190517112452_games.js": {"path":"C:\\Users\\ijdir\\OneDrive\\Documents\\lambdaschool\\Sprint-Challenge--Testing\\data\\migrations\\20190517112452_games.js","statementMap":{"0":{"start":{"line":1,"column":0},"end":{"line":null,"column":-1}},"1":{"start":{"line":2,"column":2},"end":{"line":null,"column":-1}},"2":{"start":{"line":3,"column":4},"end":{"line":null,"column":-1}},"3":{"start":{"line":5,"column":4},"end":{"line":null,"column":-1}},"4":{"start":{"line":10,"column":4},"end":{"line":null,"column":-1}},"5":{"start":{"line":14,"column":0},"end":{"line":null,"column":-1}},"6":{"start":{"line":15,"column":2},"end":{"line":null,"column":-1}}},"fnMap":{"0":{"name":"(anonymous_0)","decl":{"start":{"line":1,"column":13},"end":{"line":1,"column":21}},"loc":{"start":{"line":1,"column":37},"end":{"line":1,"column":0}}},"1":{"name":"(anonymous_1)","decl":{"start":{"line":2,"column":42},"end":{"line":2,"column":48}},"loc":{"start":{"line":2,"column":49},"end":{"line":2,"column":9}}},"2":{"name":"(anonymous_2)","decl":{"start":{"line":14,"column":15},"end":{"line":14,"column":23}},"loc":{"start":{"line":14,"column":39},"end":{"line":14,"column":0}}}},"branchMap":{},"s":{"0":0,"1":0,"2":0,"3":0,"4":0,"5":0,"6":0},"f":{"0":0,"1":0,"2":0},"b":{}}
,"C:\\Users\\ijdir\\OneDrive\\Documents\\lambdaschool\\Sprint-Challenge--Testing\\data\\seeds\\001-games.js": {"path":"C:\\Users\\ijdir\\OneDrive\\Documents\\lambdaschool\\Sprint-Challenge--Testing\\data\\seeds\\001-games.js","statementMap":{"0":{"start":{"line":2,"column":0},"end":{"line":null,"column":-1}},"1":{"start":{"line":4,"column":2},"end":{"line":null,"column":-1}},"2":{"start":{"line":8,"column":6},"end":{"line":null,"column":-1}}},"fnMap":{"0":{"name":"(anonymous_0)","decl":{"start":{"line":2,"column":15},"end":{"line":2,"column":23}},"loc":{"start":{"line":2,"column":39},"end":{"line":2,"column":0}}},"1":{"name":"(anonymous_1)","decl":{"start":{"line":6,"column":10},"end":{"line":6,"column":21}},"loc":{"start":{"line":6,"column":22},"end":{"line":4,"column":9}}}},"branchMap":{},"s":{"0":0,"1":0,"2":0},"f":{"0":0,"1":0},"b":{}}
,"C:\\Users\\ijdir\\OneDrive\\Documents\\lambdaschool\\Sprint-Challenge--Testing\\games\\gamesModel.js": {"path":"C:\\Users\\ijdir\\OneDrive\\Documents\\lambdaschool\\Sprint-Challenge--Testing\\games\\gamesModel.js","statementMap":{"0":{"start":{"line":1,"column":11},"end":{"line":1,"column":38}},"1":{"start":{"line":3,"column":0},"end":{"line":6,"column":2}},"2":{"start":{"line":9,"column":15},"end":{"line":9,"column":47}},"3":{"start":{"line":11,"column":2},"end":{"line":13,"column":13}},"4":{"start":{"line":17,"column":2},"end":{"line":17,"column":19}}},"fnMap":{"0":{"name":"insert","decl":{"start":{"line":8,"column":15},"end":{"line":8,"column":21}},"loc":{"start":{"line":8,"column":29},"end":{"line":14,"column":1}},"line":8},"1":{"name":"getAll","decl":{"start":{"line":16,"column":9},"end":{"line":16,"column":15}},"loc":{"start":{"line":16,"column":18},"end":{"line":18,"column":1}},"line":16}},"branchMap":{},"s":{"0":1,"1":1,"2":0,"3":0,"4":0},"f":{"0":0,"1":0},"b":{},"_coverageSchema":"332fd63041d2c1bcb487cc26dd0d5f7d97098a6c","hash":"d4b9b4d60187744d967d1a04734be28ac0fe3ed6"}
}
