{"C:\\Users\\ijdir\\OneDrive\\Documents\\lambdaschool\\Sprint-Challenge--Testing\\jest.config.js": {"path":"C:\\Users\\ijdir\\OneDrive\\Documents\\lambdaschool\\Sprint-Challenge--Testing\\jest.config.js","statementMap":{"0":{"start":{"line":3,"column":24},"end":{"line":3,"column":0}},"1":{"start":{"line":4,"column":0},"end":{"line":null,"column":-1}}},"fnMap":{},"branchMap":{},"s":{"0":0,"1":0},"f":{},"b":{}}
,"C:\\Users\\ijdir\\OneDrive\\Documents\\lambdaschool\\Sprint-Challenge--Testing\\api\\server.js": {"path":"C:\\Users\\ijdir\\OneDrive\\Documents\\lambdaschool\\Sprint-Challenge--Testing\\api\\server.js","statementMap":{"0":{"start":{"line":1,"column":16},"end":{"line":1,"column":34}},"1":{"start":{"line":3,"column":14},"end":{"line":3,"column":44}},"2":{"start":{"line":5,"column":15},"end":{"line":5,"column":24}},"3":{"start":{"line":7,"column":0},"end":{"line":7,"column":27}},"4":{"start":{"line":9,"column":0},"end":{"line":11,"column":3}},"5":{"start":{"line":10,"column":2},"end":{"line":10,"column":38}},"6":{"start":{"line":13,"column":0},"end":{"line":21,"column":3}},"7":{"start":{"line":14,"column":2},"end":{"line":20,"column":7}},"8":{"start":{"line":16,"column":6},"end":{"line":16,"column":34}},"9":{"start":{"line":19,"column":6},"end":{"line":19,"column":32}},"10":{"start":{"line":23,"column":0},"end":{"line":35,"column":3}},"11":{"start":{"line":24,"column":15},"end":{"line":24,"column":23}},"12":{"start":{"line":25,"column":2},"end":{"line":34,"column":3}},"13":{"start":{"line":26,"column":4},"end":{"line":31,"column":5}},"14":{"start":{"line":27,"column":23},"end":{"line":27,"column":47}},"15":{"start":{"line":28,"column":6},"end":{"line":28,"column":37}},"16":{"start":{"line":30,"column":6},"end":{"line":30,"column":56}},"17":{"start":{"line":33,"column":4},"end":{"line":33,"column":69}},"18":{"start":{"line":37,"column":0},"end":{"line":37,"column":24}}},"fnMap":{"0":{"name":"(anonymous_0)","decl":{"start":{"line":9,"column":16},"end":{"line":9,"column":17}},"loc":{"start":{"line":9,"column":36},"end":{"line":11,"column":1}},"line":9},"1":{"name":"(anonymous_1)","decl":{"start":{"line":13,"column":21},"end":{"line":13,"column":22}},"loc":{"start":{"line":13,"column":41},"end":{"line":21,"column":1}},"line":13},"2":{"name":"(anonymous_2)","decl":{"start":{"line":15,"column":10},"end":{"line":15,"column":11}},"loc":{"start":{"line":15,"column":19},"end":{"line":17,"column":5}},"line":15},"3":{"name":"(anonymous_3)","decl":{"start":{"line":18,"column":11},"end":{"line":18,"column":12}},"loc":{"start":{"line":18,"column":18},"end":{"line":20,"column":5}},"line":18},"4":{"name":"(anonymous_4)","decl":{"start":{"line":23,"column":22},"end":{"line":23,"column":23}},"loc":{"start":{"line":23,"column":42},"end":{"line":35,"column":1}},"line":23}},"branchMap":{"0":{"loc":{"start":{"line":25,"column":2},"end":{"line":34,"column":3}},"type":"if","locations":[{"start":{"line":25,"column":2},"end":{"line":34,"column":3}},{"start":{"line":25,"column":2},"end":{"line":34,"column":3}}],"line":25},"1":{"loc":{"start":{"line":25,"column":6},"end":{"line":25,"column":30}},"type":"binary-expr","locations":[{"start":{"line":25,"column":6},"end":{"line":25,"column":16}},{"start":{"line":25,"column":20},"end":{"line":25,"column":30}}],"line":25}},"s":{"0":1,"1":1,"2":1,"3":1,"4":1,"5":1,"6":1,"7":1,"8":0,"9":0,"10":1,"11":0,"12":0,"13":0,"14":0,"15":0,"16":0,"17":0,"18":1},"f":{"0":1,"1":1,"2":0,"3":0,"4":0},"b":{"0":[0,0],"1":[0,0]},"_coverageSchema":"332fd63041d2c1bcb487cc26dd0d5f7d97098a6c","hash":"f84e2969a767da6c9785a2c8cedb121d2e79b65f"}
}
