TN:
SF:C:\Users\ijdir\OneDrive\Documents\lambdaschool\Sprint-Challenge--Testing\index.js
FN:7,(anonymous_0)
FNF:1
FNH:0
FNDA:0,(anonymous_0)
DA:1,0
DA:3,0
DA:5,0
DA:7,0
LF:4
LH:0
BRDA:5,0,0,0
BRDA:5,0,1,0
BRF:2
BRH:0
end_of_record
TN:
SF:C:\Users\ijdir\OneDrive\Documents\lambdaschool\Sprint-Challenge--Testing\jest.config.js
FNF:0
FNH:0
DA:3,0
DA:4,0
LF:2
LH:0
BRF:0
BRH:0
end_of_record
TN:
SF:C:\Users\ijdir\OneDrive\Documents\lambdaschool\Sprint-Challenge--Testing\knexfile.js
FNF:0
FNH:0
DA:3,1
LF:1
LH:1
BRF:0
BRH:0
end_of_record
TN:
SF:C:\Users\ijdir\OneDrive\Documents\lambdaschool\Sprint-Challenge--Testing\api\server.js
FN:9,(anonymous_0)
FN:13,(anonymous_1)
FN:19,(anonymous_2)
FNF:3
FNH:1
FNDA:1,(anonymous_0)
FNDA:0,(anonymous_1)
FNDA:0,(anonymous_2)
DA:1,1
DA:3,1
DA:5,1
DA:7,1
DA:9,1
DA:10,1
DA:13,1
DA:14,0
DA:16,0
DA:19,1
DA:20,0
DA:21,0
DA:22,0
DA:23,0
DA:24,0
DA:26,0
DA:29,0
DA:33,1
LF:18
LH:9
BRDA:21,0,0,0
BRDA:21,0,1,0
BRDA:21,1,0,0
BRDA:21,1,1,0
BRF:4
BRH:0
end_of_record
TN:
SF:C:\Users\ijdir\OneDrive\Documents\lambdaschool\Sprint-Challenge--Testing\data\dbConfig.js
FNF:0
FNH:0
DA:1,1
DA:2,1
DA:4,1
DA:6,1
LF:4
LH:4
BRDA:4,0,0,1
BRDA:4,0,1,0
BRF:2
BRH:1
end_of_record
TN:
SF:C:\Users\ijdir\OneDrive\Documents\lambdaschool\Sprint-Challenge--Testing\data\migrations\20190517112452_games.js
FN:1,(anonymous_0)
FN:2,(anonymous_1)
FN:14,(anonymous_2)
FNF:3
FNH:0
FNDA:0,(anonymous_0)
FNDA:0,(anonymous_1)
FNDA:0,(anonymous_2)
DA:1,0
DA:2,0
DA:3,0
DA:5,0
DA:10,0
DA:14,0
DA:15,0
LF:7
LH:0
BRF:0
BRH:0
end_of_record
TN:
SF:C:\Users\ijdir\OneDrive\Documents\lambdaschool\Sprint-Challenge--Testing\data\seeds\001-games.js
FN:2,(anonymous_0)
FN:6,(anonymous_1)
FNF:2
FNH:0
FNDA:0,(anonymous_0)
FNDA:0,(anonymous_1)
DA:2,0
DA:4,0
DA:8,0
LF:3
LH:0
BRF:0
BRH:0
end_of_record
TN:
SF:C:\Users\ijdir\OneDrive\Documents\lambdaschool\Sprint-Challenge--Testing\games\gamesModel.js
FN:8,insert
FN:16,getAll
FNF:2
FNH:0
FNDA:0,insert
FNDA:0,getAll
DA:1,1
DA:3,1
DA:9,0
DA:11,0
DA:17,0
LF:5
LH:2
BRF:0
BRH:0
end_of_record
